This is pdfTeX, Version 3.14159265-2.6-1.40.15 (MiKTeX 2.9 64-bit) (preloaded format=pdflatex 2015.7.18)  30 APR 2017 20:16
entering extended mode
**hw1solutions.tex
(hw1solutions.tex
LaTeX2e <2014/05/01>
Babel <3.9l> and hyphenation patterns for 68 languages loaded.
(G:\MiTeX\tex\latex\base\article.cls
Document Class: article 2014/09/29 v1.4h Standard LaTeX document class
(G:\MiTeX\tex\latex\base\size11.clo
File: size11.clo 2014/09/29 v1.4h Standard LaTeX file (size option)
)
\c@part=\count79
\c@section=\count80
\c@subsection=\count81
\c@subsubsection=\count82
\c@paragraph=\count83
\c@subparagraph=\count84
\c@figure=\count85
\c@table=\count86
\abovecaptionskip=\skip41
\belowcaptionskip=\skip42
\bibindent=\dimen102
) (G:\MiTeX\tex\latex\graphics\graphicx.sty
Package: graphicx 2014/10/28 v1.0g Enhanced LaTeX Graphics (DPC,SPQR)
(G:\MiTeX\tex\latex\graphics\keyval.sty
Package: keyval 2014/10/28 v1.15 key=value parser (DPC)
\KV@toks@=\toks14
)
(G:\MiTeX\tex\latex\graphics\graphics.sty
Package: graphics 2014/10/28 v1.0p Standard LaTeX Graphics (DPC,SPQR)
 (G:\MiTeX\tex\latex\graphics\trig.sty
Package: trig 1999/03/16 v1.09 sin cos tan (DPC)
) (G:\MiTeX\tex\latex\00miktex\graphics.cfg
File: graphics.cfg 2007/01/18 v1.5 graphics configuration of teTeX/TeXLive
)
Package graphics Info: Driver file: pdftex.def on input line 91.

(G:\MiTeX\tex\latex\pdftex-def\pdftex.def
File: pdftex.def 2011/05/27 v0.06d Graphics/color for pdfTeX

(G:\MiTeX\tex\generic\oberdiek\infwarerr.sty
Package: infwarerr 2010/04/08 v1.3 Providing info/warning/error messages (HO)
)
(G:\MiTeX\tex\generic\oberdiek\ltxcmds.sty
Package: ltxcmds 2011/11/09 v1.22 LaTeX kernel commands for general use (HO)
)
\Gread@gobject=\count87
))
\Gin@req@height=\dimen103
\Gin@req@width=\dimen104
)
(G:\MiTeX\tex\latex\amsmath\amsmath.sty
Package: amsmath 2013/01/14 v2.14 AMS math features
\@mathmargin=\skip43

For additional information on amsmath, use the `?' option.
(G:\MiTeX\tex\latex\amsmath\amstext.sty
Package: amstext 2000/06/29 v2.01
 (G:\MiTeX\tex\latex\amsmath\amsgen.sty
File: amsgen.sty 1999/11/30 v2.0
\@emptytoks=\toks15
\ex@=\dimen105
)) (G:\MiTeX\tex\latex\amsmath\amsbsy.sty
Package: amsbsy 1999/11/29 v1.2d
\pmbraise@=\dimen106
)
(G:\MiTeX\tex\latex\amsmath\amsopn.sty
Package: amsopn 1999/12/14 v2.01 operator names
)
\inf@bad=\count88
LaTeX Info: Redefining \frac on input line 210.
\uproot@=\count89
\leftroot@=\count90
LaTeX Info: Redefining \overline on input line 306.
\classnum@=\count91
\DOTSCASE@=\count92
LaTeX Info: Redefining \ldots on input line 378.
LaTeX Info: Redefining \dots on input line 381.
LaTeX Info: Redefining \cdots on input line 466.
\Mathstrutbox@=\box26
\strutbox@=\box27
\big@size=\dimen107
LaTeX Font Info:    Redeclaring font encoding OML on input line 566.
LaTeX Font Info:    Redeclaring font encoding OMS on input line 567.
\macc@depth=\count93
\c@MaxMatrixCols=\count94
\dotsspace@=\muskip10
\c@parentequation=\count95
\dspbrk@lvl=\count96
\tag@help=\toks16
\row@=\count97
\column@=\count98
\maxfields@=\count99
\andhelp@=\toks17
\eqnshift@=\dimen108
\alignsep@=\dimen109
\tagshift@=\dimen110
\tagwidth@=\dimen111
\totwidth@=\dimen112
\lineht@=\dimen113
\@envbody=\toks18
\multlinegap=\skip44
\multlinetaggap=\skip45
\mathdisplay@stack=\toks19
LaTeX Info: Redefining \[ on input line 2665.
LaTeX Info: Redefining \] on input line 2666.
)
(G:\MiTeX\tex\latex\amsfonts\amsfonts.sty
Package: amsfonts 2013/01/14 v3.01 Basic AMSFonts support
\symAMSa=\mathgroup4
\symAMSb=\mathgroup5
LaTeX Font Info:    Overwriting math alphabet `\mathfrak' in version `bold'
(Font)                  U/euf/m/n --> U/euf/b/n on input line 106.
)
(G:\MiTeX\tex\latex\amsfonts\amssymb.sty
Package: amssymb 2013/01/14 v3.01 AMS font symbols
)
(G:\MiTeX\tex\latex\enumitem\enumitem.sty
Package: enumitem 2011/09/28 v3.5.2 Customized lists
\labelindent=\skip46
\enit@outerparindent=\dimen114
\enit@toks=\toks20
\enit@inbox=\box28
\enitdp@description=\count100
)
(G:\MiTeX\tex\latex\hyperref\hyperref.sty
Package: hyperref 2012/11/06 v6.83m Hypertext links for LaTeX

(G:\MiTeX\tex\generic\oberdiek\hobsub-hyperref.sty
Package: hobsub-hyperref 2012/04/25 v1.12 Bundle oberdiek, subset hyperref (HO)


(G:\MiTeX\tex\generic\oberdiek\hobsub-generic.sty
Package: hobsub-generic 2012/04/25 v1.12 Bundle oberdiek, subset generic (HO)
Package: hobsub 2012/04/25 v1.12 Construct package bundles (HO)
Package hobsub Info: Skipping package `infwarerr' (already loaded).
Package hobsub Info: Skipping package `ltxcmds' (already loaded).
Package: ifluatex 2010/03/01 v1.3 Provides the ifluatex switch (HO)
Package ifluatex Info: LuaTeX not detected.
Package: ifvtex 2010/03/01 v1.5 Detect VTeX and its facilities (HO)
Package ifvtex Info: VTeX not detected.
Package: intcalc 2007/09/27 v1.1 Expandable calculations with integers (HO)
Package: ifpdf 2011/01/30 v2.3 Provides the ifpdf switch (HO)
Package ifpdf Info: pdfTeX in PDF mode is detected.
Package: etexcmds 2011/02/16 v1.5 Avoid name clashes with e-TeX commands (HO)
Package etexcmds Info: Could not find \expanded.
(etexcmds)             That can mean that you are not using pdfTeX 1.50 or
(etexcmds)             that some package has redefined \expanded.
(etexcmds)             In the latter case, load this package earlier.
Package: kvsetkeys 2012/04/25 v1.16 Key value parser (HO)
Package: kvdefinekeys 2011/04/07 v1.3 Define keys (HO)
Package: pdftexcmds 2011/11/29 v0.20 Utility functions of pdfTeX for LuaTeX (HO
)
Package pdftexcmds Info: LuaTeX not detected.
Package pdftexcmds Info: \pdf@primitive is available.
Package pdftexcmds Info: \pdf@ifprimitive is available.
Package pdftexcmds Info: \pdfdraftmode found.
Package: pdfescape 2011/11/25 v1.13 Implements pdfTeX's escape features (HO)
Package: bigintcalc 2012/04/08 v1.3 Expandable calculations on big integers (HO
)
Package: bitset 2011/01/30 v1.1 Handle bit-vector datatype (HO)
Package: uniquecounter 2011/01/30 v1.2 Provide unlimited unique counter (HO)
)
Package hobsub Info: Skipping package `hobsub' (already loaded).
Package: letltxmacro 2010/09/02 v1.4 Let assignment for LaTeX macros (HO)
Package: hopatch 2011/06/24 v1.1 Wrapper for package hooks (HO)
Package: xcolor-patch 2011/01/30 xcolor patch
Package: atveryend 2011/06/30 v1.8 Hooks at the very end of document (HO)
Package atveryend Info: \enddocument detected (standard20110627).
Package: atbegshi 2011/10/05 v1.16 At begin shipout hook (HO)
Package: refcount 2011/10/16 v3.4 Data extraction from label references (HO)
Package: hycolor 2011/01/30 v1.7 Color options for hyperref/bookmark (HO)
)
(G:\MiTeX\tex\generic\ifxetex\ifxetex.sty
Package: ifxetex 2010/09/12 v0.6 Provides ifxetex conditional
)
(G:\MiTeX\tex\latex\oberdiek\auxhook.sty
Package: auxhook 2011/03/04 v1.3 Hooks for auxiliary files (HO)
)
(G:\MiTeX\tex\latex\oberdiek\kvoptions.sty
Package: kvoptions 2011/06/30 v3.11 Key value format for package options (HO)
)
\@linkdim=\dimen115
\Hy@linkcounter=\count101
\Hy@pagecounter=\count102

(G:\MiTeX\tex\latex\hyperref\pd1enc.def
File: pd1enc.def 2012/11/06 v6.83m Hyperref: PDFDocEncoding definition (HO)
)
\Hy@SavedSpaceFactor=\count103

(G:\MiTeX\tex\latex\00miktex\hyperref.cfg
File: hyperref.cfg 2002/06/06 v1.2 hyperref configuration of TeXLive
)
Package hyperref Info: Hyper figures OFF on input line 4443.
Package hyperref Info: Link nesting OFF on input line 4448.
Package hyperref Info: Hyper index ON on input line 4451.
Package hyperref Info: Plain pages OFF on input line 4458.
Package hyperref Info: Backreferencing OFF on input line 4463.
Package hyperref Info: Implicit mode ON; LaTeX internals redefined.
Package hyperref Info: Bookmarks ON on input line 4688.
\c@Hy@tempcnt=\count104
 (G:\MiTeX\tex\latex\url\url.sty
\Urlmuskip=\muskip11
Package: url 2013/09/16  ver 3.4  Verb mode for urls, etc.
)
LaTeX Info: Redefining \url on input line 5041.
\XeTeXLinkMargin=\dimen116
\Fld@menulength=\count105
\Field@Width=\dimen117
\Fld@charsize=\dimen118
Package hyperref Info: Hyper figures OFF on input line 6295.
Package hyperref Info: Link nesting OFF on input line 6300.
Package hyperref Info: Hyper index ON on input line 6303.
Package hyperref Info: backreferencing OFF on input line 6310.
Package hyperref Info: Link coloring OFF on input line 6315.
Package hyperref Info: Link coloring with OCG OFF on input line 6320.
Package hyperref Info: PDF/A mode OFF on input line 6325.
LaTeX Info: Redefining \ref on input line 6365.
LaTeX Info: Redefining \pageref on input line 6369.
\Hy@abspage=\count106
\c@Item=\count107
\c@Hfootnote=\count108
)

Package hyperref Message: Driver (autodetected): hpdftex.

(G:\MiTeX\tex\latex\hyperref\hpdftex.def
File: hpdftex.def 2012/11/06 v6.83m Hyperref driver for pdfTeX
\Fld@listcount=\count109
\c@bookmark@seq@number=\count110

(G:\MiTeX\tex\latex\oberdiek\rerunfilecheck.sty
Package: rerunfilecheck 2011/04/15 v1.7 Rerun checks for auxiliary files (HO)
Package uniquecounter Info: New unique counter `rerunfilecheck' on input line 2
82.
)
\Hy@SectionHShift=\skip47
)
(C:\Users\user\AppData\Roaming\MiKTeX\2.9\tex\latex\listings\listings.sty
\lst@mode=\count111
\lst@gtempboxa=\box29
\lst@token=\toks21
\lst@length=\count112
\lst@currlwidth=\dimen119
\lst@column=\count113
\lst@pos=\count114
\lst@lostspace=\dimen120
\lst@width=\dimen121
\lst@newlines=\count115
\lst@lineno=\count116
\lst@maxwidth=\dimen122

(C:\Users\user\AppData\Roaming\MiKTeX\2.9\tex\latex\listings\lstmisc.sty
File: lstmisc.sty 2015/06/04 1.6 (Carsten Heinz)
\c@lstnumber=\count117
\lst@skipnumbers=\count118
\lst@framebox=\box30
)
(C:\Users\user\AppData\Roaming\MiKTeX\2.9\tex\latex\listings\listings.cfg
File: listings.cfg 2015/06/04 1.6 listings configuration
))
Package: listings 2015/06/04 1.6 (Carsten Heinz)

(G:\MiTeX\tex\latex\graphics\color.sty
Package: color 2014/10/28 v1.1a Standard LaTeX Color (DPC)
 (G:\MiTeX\tex\latex\00miktex\color.cfg
File: color.cfg 2007/01/18 v1.5 color configuration of teTeX/TeXLive
)
Package color Info: Driver file: pdftex.def on input line 137.
)
Package color Info: Redefining color red on input line 21.
Package color Info: Redefining color green on input line 22.
(C:\Users\user\AppData\Roaming\MiKTeX\2.9\tex\latex\listings\lstlang1.sty
File: lstlang1.sty 2015/06/04 1.6 listings language file
)
(C:\Users\user\AppData\Roaming\MiKTeX\2.9\tex\latex\listings\lstlang1.sty
File: lstlang1.sty 2015/06/04 1.6 listings language file
)
(RJLmacros.tex
\c@equationgroup=\count119
) (hw1solutions.aux)
LaTeX Font Info:    Checking defaults for OML/cmm/m/it on input line 69.
LaTeX Font Info:    ... okay on input line 69.
LaTeX Font Info:    Checking defaults for T1/cmr/m/n on input line 69.
LaTeX Font Info:    ... okay on input line 69.
LaTeX Font Info:    Checking defaults for OT1/cmr/m/n on input line 69.
LaTeX Font Info:    ... okay on input line 69.
LaTeX Font Info:    Checking defaults for OMS/cmsy/m/n on input line 69.
LaTeX Font Info:    ... okay on input line 69.
LaTeX Font Info:    Checking defaults for OMX/cmex/m/n on input line 69.
LaTeX Font Info:    ... okay on input line 69.
LaTeX Font Info:    Checking defaults for U/cmr/m/n on input line 69.
LaTeX Font Info:    ... okay on input line 69.
LaTeX Font Info:    Checking defaults for PD1/pdf/m/n on input line 69.
LaTeX Font Info:    ... okay on input line 69.
 (G:\MiTeX\tex\context\base\supp-pdf.mkii
[Loading MPS to PDF converter (version 2006.09.02).]
\scratchcounter=\count120
\scratchdimen=\dimen123
\scratchbox=\box31
\nofMPsegments=\count121
\nofMParguments=\count122
\everyMPshowfont=\toks22
\MPscratchCnt=\count123
\MPscratchDim=\dimen124
\MPnumerator=\count124
\makeMPintoPDFobject=\count125
\everyMPtoPDFconversion=\toks23
)
\AtBeginShipoutBox=\box32
Package hyperref Info: Link coloring OFF on input line 69.
 (G:\MiTeX\tex\latex\hyperref\nameref.sty
Package: nameref 2012/10/27 v2.43 Cross-referencing by name of section

(G:\MiTeX\tex\generic\oberdiek\gettitlestring.sty
Package: gettitlestring 2010/12/03 v1.4 Cleanup title references (HO)
)
\c@section@level=\count126
)
LaTeX Info: Redefining \ref on input line 69.
LaTeX Info: Redefining \pageref on input line 69.
LaTeX Info: Redefining \nameref on input line 69.
 (hw1solutions.out)
(hw1solutions.out)
\@outlinefile=\write3
\c@lstlisting=\count127
LaTeX Font Info:    Try loading font information for U+msa on input line 86.
 (G:\MiTeX\tex\latex\amsfonts\umsa.fd
File: umsa.fd 2013/01/14 v3.01 AMS symbols A
)
LaTeX Font Info:    Try loading font information for U+msb on input line 86.

(G:\MiTeX\tex\latex\amsfonts\umsb.fd
File: umsb.fd 2013/01/14 v3.01 AMS symbols B
)
LaTeX Font Info:    Try loading font information for OMS+cmr on input line 118.

 (G:\MiTeX\tex\latex\base\omscmr.fd
File: omscmr.fd 2014/09/29 v2.5h Standard LaTeX font definitions
)
LaTeX Font Info:    Font shape `OMS/cmr/m/n' in size <10.95> not available
(Font)              Font shape `OMS/cmsy/m/n' tried instead on input line 118.

<pha.png, id=3, 396.48125pt x 272.01625pt>
File: pha.png Graphic file (type png)
 <use pha.png>
Package pdftex.def Info: pha.png used on input line 121.
(pdftex.def)             Requested size: 227.62204pt x 156.16739pt.

Overfull \hbox (91.31093pt too wide) in paragraph at lines 118--124
[]\OT1/cmr/m/n/10.95 The phase plot of q $[]$ 
 []

<pra.png, id=5, 388.45125pt x 272.01625pt>
File: pra.png Graphic file (type png)
 <use pra.png>
Package pdftex.def Info: pra.png used on input line 128.
(pdftex.def)             Requested size: 227.62204pt x 159.39658pt.

Overfull \hbox (95.23471pt too wide) in paragraph at lines 125--131
[]\OT1/cmr/m/n/10.95 Pressure at time =1 $[]$ 
 []

[1

{C:/Users/user/AppData/Local/MiKTeX/2.9/pdftex/config/pdftex.map} <./pha.png>] 
<va.png, id=21, 388.45125pt x 266.9975pt>
File: va.png Graphic file (type png)
 <use va.png>
Package pdftex.def Info: va.png used on input line 134.
(pdftex.def)             Requested size: 227.62204pt x 156.45567pt.

Overfull \hbox (93.37929pt too wide) in paragraph at lines 131--137
[]\OT1/cmr/m/n/10.95 Velocity at time =1 $[]$ 
 []

<phb.png, id=22, 396.48125pt x 272.01625pt>
File: phb.png Graphic file (type png)
 <use phb.png>
Package pdftex.def Info: phb.png used on input line 143.
(pdftex.def)             Requested size: 227.62204pt x 156.16739pt.

Overfull \hbox (91.31093pt too wide) in paragraph at lines 140--146
[]\OT1/cmr/m/n/10.95 The phase plot of q $[]$ 
 []

<prb.png, id=23, 388.45125pt x 272.01625pt>
File: prb.png Graphic file (type png)
 <use prb.png>
Package pdftex.def Info: prb.png used on input line 150.
(pdftex.def)             Requested size: 227.62204pt x 159.39658pt.

Overfull \hbox (95.23471pt too wide) in paragraph at lines 147--153
[]\OT1/cmr/m/n/10.95 Pressure at time =1 $[]$ 
 []

<vb.png, id=24, 388.45125pt x 272.01625pt>
File: vb.png Graphic file (type png)
 <use vb.png>
Package pdftex.def Info: vb.png used on input line 156.
(pdftex.def)             Requested size: 227.62204pt x 159.39658pt.

Overfull \hbox (93.37929pt too wide) in paragraph at lines 153--159
[]\OT1/cmr/m/n/10.95 Velocity at time =1 $[]$ 
 []

[2 <./pra.png> <./va.png> <./phb.png> <./prb.png>]
<phc.png, id=34, 396.48125pt x 272.01625pt>
File: phc.png Graphic file (type png)
 <use phc.png>
Package pdftex.def Info: phc.png used on input line 165.
(pdftex.def)             Requested size: 227.62204pt x 156.16739pt.

Overfull \hbox (91.31093pt too wide) in paragraph at lines 162--168
[]\OT1/cmr/m/n/10.95 The phase plot of q $[]$ 
 []

<prc.png, id=35, 378.41376pt x 272.01625pt>
File: prc.png Graphic file (type png)
 <use prc.png>
Package pdftex.def Info: prc.png used on input line 172.
(pdftex.def)             Requested size: 227.62204pt x 163.62192pt.

Overfull \hbox (95.23471pt too wide) in paragraph at lines 169--175
[]\OT1/cmr/m/n/10.95 Pressure at time =1 $[]$ 
 []

<vc.png, id=36, 396.48125pt x 266.9975pt>
File: vc.png Graphic file (type png)
 <use vc.png>
Package pdftex.def Info: vc.png used on input line 178.
(pdftex.def)             Requested size: 227.62204pt x 153.28606pt.

Overfull \hbox (93.37929pt too wide) in paragraph at lines 175--181
[]\OT1/cmr/m/n/10.95 Velocity at time =1 $[]$ 
 []

<phd.png, id=37, 387.4475pt x 272.01625pt>
File: phd.png Graphic file (type png)
 <use phd.png>
Package pdftex.def Info: phd.png used on input line 187.
(pdftex.def)             Requested size: 227.62204pt x 159.80748pt.

Overfull \hbox (91.31093pt too wide) in paragraph at lines 184--190
[]\OT1/cmr/m/n/10.95 The phase plot of q $[]$ 
 []

[3 <./vb.png> <./phc.png> <./prc.png> <./vc.png>]
<prd.png, id=47, 388.45125pt x 272.01625pt>
File: prd.png Graphic file (type png)
 <use prd.png>
Package pdftex.def Info: prd.png used on input line 194.
(pdftex.def)             Requested size: 227.62204pt x 159.39658pt.

Overfull \hbox (95.23471pt too wide) in paragraph at lines 191--197
[]\OT1/cmr/m/n/10.95 Pressure at time =1 $[]$ 
 []

<vd.png, id=48, 396.48125pt x 266.9975pt>
File: vd.png Graphic file (type png)
 <use vd.png>
Package pdftex.def Info: vd.png used on input line 200.
(pdftex.def)             Requested size: 227.62204pt x 153.28606pt.

Overfull \hbox (93.37929pt too wide) in paragraph at lines 197--203
[]\OT1/cmr/m/n/10.95 Velocity at time =1 $[]$ 
 []

<phe.png, id=49, 387.4475pt x 272.01625pt>
File: phe.png Graphic file (type png)
 <use phe.png>
Package pdftex.def Info: phe.png used on input line 209.
(pdftex.def)             Requested size: 227.62204pt x 159.80748pt.

Overfull \hbox (91.31093pt too wide) in paragraph at lines 206--212
[]\OT1/cmr/m/n/10.95 The phase plot of q $[]$ 
 []

<pre.png, id=50, 388.45125pt x 266.9975pt>
File: pre.png Graphic file (type png)
 <use pre.png>
Package pdftex.def Info: pre.png used on input line 216.
(pdftex.def)             Requested size: 227.62204pt x 156.45567pt.

Overfull \hbox (95.23471pt too wide) in paragraph at lines 213--219
[]\OT1/cmr/m/n/10.95 Pressure at time =1 $[]$ 
 []

[4 <./phd.png> <./prd.png> <./vd.png> <./phe.png>]
<ve.png, id=61, 388.45125pt x 266.9975pt>
File: ve.png Graphic file (type png)
 <use ve.png>
Package pdftex.def Info: ve.png used on input line 222.
(pdftex.def)             Requested size: 227.62204pt x 156.45567pt.

Overfull \hbox (93.37929pt too wide) in paragraph at lines 219--225
[]\OT1/cmr/m/n/10.95 Velocity at time =1 $[]$ 
 []

<phf.png, id=62, 399.4925pt x 272.01625pt>
File: phf.png Graphic file (type png)
 <use phf.png>
Package pdftex.def Info: phf.png used on input line 231.
(pdftex.def)             Requested size: 227.62204pt x 154.9886pt.

Overfull \hbox (91.31093pt too wide) in paragraph at lines 228--234
[]\OT1/cmr/m/n/10.95 The phase plot of q $[]$ 
 []

<prf.png, id=63, 393.47pt x 272.01625pt>
File: prf.png Graphic file (type png)
 <use prf.png>
Package pdftex.def Info: prf.png used on input line 238.
(pdftex.def)             Requested size: 227.62204pt x 157.35861pt.

Overfull \hbox (95.23471pt too wide) in paragraph at lines 235--241
[]\OT1/cmr/m/n/10.95 Pressure at time =1 $[]$ 
 []

<vf.png, id=64, 396.48125pt x 266.9975pt>
File: vf.png Graphic file (type png)
 <use vf.png>
Package pdftex.def Info: vf.png used on input line 244.
(pdftex.def)             Requested size: 227.62204pt x 153.28606pt.

Overfull \hbox (93.37929pt too wide) in paragraph at lines 241--247
[]\OT1/cmr/m/n/10.95 Velocity at time =1 $[]$ 
 []

[5 <./pre.png> <./ve.png> <./phf.png> <./prf.png>] [6 <./vf.png>] [7] [8]
<33a.png, id=208, 363.3575pt x 256.96pt>
File: 33a.png Graphic file (type png)
 <use 33a.png>
Package pdftex.def Info: 33a.png used on input line 440.
(pdftex.def)             Requested size: 227.62204pt x 160.97208pt.

<33b.png, id=209, 370.38374pt x 256.96pt>
File: 33b.png Graphic file (type png)
 <use 33b.png>
Package pdftex.def Info: 33b.png used on input line 448.
(pdftex.def)             Requested size: 227.62204pt x 157.91771pt.
 [9 <./33a.png> <./33b.png>] <problem_3_5.png, id=235, 433.62pt x 289.08pt>
File: problem_3_5.png Graphic file (type png)
 <use problem_3_5.png>
Package pdftex.def Info: problem_3_5.png used on input line 470.
(pdftex.def)             Requested size: 252.94499pt x 168.63252pt.

[10 <./problem_3_5.png>] [11] <1.jpg, id=246, 1927.2pt x 2569.6pt>
File: 1.jpg Graphic file (type jpg)
 <use 1.jpg>
Package pdftex.def Info: 1.jpg used on input line 540.
(pdftex.def)             Requested size: 433.62pt x 578.13507pt.

[12] [13 <./1.jpg>] <BOUND.png, id=257, 372.39125pt x 251.94125pt>
File: BOUND.png Graphic file (type png)

<use BOUND.png>
Package pdftex.def Info: BOUND.png used on input line 562.
(pdftex.def)             Requested size: 252.94499pt x 171.13324pt.
 [14 <./BOUND.png>]
Overfull \hbox (6.02823pt too wide) detected at line 622
\OML/cmm/m/it/10.95 A[] \OT1/cmr/m/n/10.95 = \OML/cmm/m/it/10.95 R[]R[] \OT1/c
mr/m/n/10.95 = [] [] [] [] = [] []
 []


Overfull \hbox (6.02823pt too wide) detected at line 623
\OML/cmm/m/it/10.95 A[] \OT1/cmr/m/n/10.95 = \OML/cmm/m/it/10.95 R[]R[] \OT1/c
mr/m/n/10.95 = [] [] [] [] = [] []
 []

[15] <2.jpg, id=267, 1927.2pt x 2569.6pt>
File: 2.jpg Graphic file (type jpg)
 <use 2.jpg>
Package pdftex.def Info: 2.jpg used on input line 660.
(pdftex.def)             Requested size: 216.81pt x 289.04793pt.
 [16]
<3.jpg, id=272, 1927.2pt x 2569.6pt>
File: 3.jpg Graphic file (type jpg)
 <use 3.jpg>
Package pdftex.def Info: 3.jpg used on input line 663.
(pdftex.def)             Requested size: 469.75499pt x 626.32278pt.

Overfull \hbox (49.05627pt too wide) in paragraph at lines 663--664
[] [] 
 []

[17 <./2.jpg>] <4.jpg, id=278, 1927.2pt x 2569.6pt>
File: 4.jpg Graphic file (type jpg)
 <use 4.jpg>
Package pdftex.def Info: 4.jpg used on input line 666.
(pdftex.def)             Requested size: 469.75499pt x 626.32278pt.

Overfull \hbox (49.05627pt too wide) in paragraph at lines 666--667
[] [] 
 []

[18 <./3.jpg>]
Package atveryend Info: Empty hook `BeforeClearDocument' on input line 672.
 [19 <./4.jpg>]
Package atveryend Info: Empty hook `AfterLastShipout' on input line 672.
 (hw1solutions.aux)
Package atveryend Info: Executing hook `AtVeryEndDocument' on input line 672.
Package atveryend Info: Executing hook `AtEndAfterFileList' on input line 672.
Package rerunfilecheck Info: File `hw1solutions.out' has not changed.
(rerunfilecheck)             Checksum: D41D8CD98F00B204E9800998ECF8427E;0.
Package atveryend Info: Empty hook `AtVeryVeryEnd' on input line 672.
 ) 
Here is how much of TeX's memory you used:
 8741 strings out of 493698
 114533 string characters out of 3152098
 262048 words of memory out of 3000000
 11808 multiletter control sequences out of 15000+200000
 9278 words of font info for 36 fonts, out of 3000000 for 9000
 1025 hyphenation exceptions out of 8191
 29i,7n,44p,261b,1767s stack positions out of 5000i,500n,10000p,200000b,50000s
<G:/MiTeX/fonts/type1/public/amsfonts/cm/cmbx10.pfb><G:/MiTeX/fonts/type1/pub
lic/amsfonts/cm/cmex10.pfb><G:/MiTeX/fonts/type1/public/amsfonts/cm/cmmi10.pfb>
<G:/MiTeX/fonts/type1/public/amsfonts/cm/cmmi8.pfb><G:/MiTeX/fonts/type1/public
/amsfonts/cm/cmr10.pfb><G:/MiTeX/fonts/type1/public/amsfonts/cm/cmr6.pfb><G:/Mi
TeX/fonts/type1/public/amsfonts/cm/cmr8.pfb><G:/MiTeX/fonts/type1/public/amsfon
ts/cm/cmsy10.pfb><G:/MiTeX/fonts/type1/public/amsfonts/cm/cmsy8.pfb><G:/MiTeX/f
onts/type1/public/amsfonts/cm/cmti10.pfb><G:/MiTeX/fonts/type1/public/amsfonts/
cm/cmtt10.pfb>
Output written on hw1solutions.pdf (19 pages, 5605404 bytes).
PDF statistics:
 358 PDF objects out of 1000 (max. 8388607)
 165 named destinations out of 1000 (max. 500000)
 131 words of extra memory for PDF output out of 10000 (max. 10000000)

