This is pdfTeX, Version 3.14159265-2.6-1.40.15 (MiKTeX 2.9 64-bit) (preloaded format=pdflatex 2015.7.18)  24 OCT 2016 22:35
entering extended mode
**hw04.tex
(hw04.tex
LaTeX2e <2014/05/01>
Babel <3.9l> and hyphenation patterns for 68 languages loaded.
(G:\MiTeX\tex\latex\base\article.cls
Document Class: article 2014/09/29 v1.4h Standard LaTeX document class
(G:\MiTeX\tex\latex\base\size12.clo
File: size12.clo 2014/09/29 v1.4h Standard LaTeX file (size option)
)
\c@part=\count79
\c@section=\count80
\c@subsection=\count81
\c@subsubsection=\count82
\c@paragraph=\count83
\c@subparagraph=\count84
\c@figure=\count85
\c@table=\count86
\abovecaptionskip=\skip41
\belowcaptionskip=\skip42
\bibindent=\dimen102
) (G:\MiTeX\tex\latex\preprint\fullpage.sty
Package: fullpage 1999/02/23 1.1 (PWD)
\FP@margin=\skip43
) (G:\MiTeX\tex\latex\amsfonts\amsfonts.sty
Package: amsfonts 2013/01/14 v3.01 Basic AMSFonts support
\@emptytoks=\toks14
\symAMSa=\mathgroup4
\symAMSb=\mathgroup5
LaTeX Font Info:    Overwriting math alphabet `\mathfrak' in version `bold'
(Font)                  U/euf/m/n --> U/euf/b/n on input line 106.
)
(G:\MiTeX\tex\latex\amsfonts\amssymb.sty
Package: amssymb 2013/01/14 v3.01 AMS font symbols
) (hw04.aux)
LaTeX Font Info:    Checking defaults for OML/cmm/m/it on input line 28.
LaTeX Font Info:    ... okay on input line 28.
LaTeX Font Info:    Checking defaults for T1/cmr/m/n on input line 28.
LaTeX Font Info:    ... okay on input line 28.
LaTeX Font Info:    Checking defaults for OT1/cmr/m/n on input line 28.
LaTeX Font Info:    ... okay on input line 28.
LaTeX Font Info:    Checking defaults for OMS/cmsy/m/n on input line 28.
LaTeX Font Info:    ... okay on input line 28.
LaTeX Font Info:    Checking defaults for OMX/cmex/m/n on input line 28.
LaTeX Font Info:    ... okay on input line 28.
LaTeX Font Info:    Checking defaults for U/cmr/m/n on input line 28.
LaTeX Font Info:    ... okay on input line 28.
LaTeX Font Info:    Try loading font information for U+msa on input line 40.

(G:\MiTeX\tex\latex\amsfonts\umsa.fd
File: umsa.fd 2013/01/14 v3.01 AMS symbols A
)
LaTeX Font Info:    Try loading font information for U+msb on input line 40.
 (G:\MiTeX\tex\latex\amsfonts\umsb.fd
File: umsb.fd 2013/01/14 v3.01 AMS symbols B
)
[1

{C:/Users/user/AppData/Local/MiKTeX/2.9/pdftex/config/pdftex.map}] (hw04.aux) )
 
Here is how much of TeX's memory you used:
 569 strings out of 493698
 5801 string characters out of 3152098
 54727 words of memory out of 3000000
 3947 multiletter control sequences out of 15000+200000
 11797 words of font info for 46 fonts, out of 3000000 for 9000
 1025 hyphenation exceptions out of 8191
 22i,6n,24p,116b,190s stack positions out of 5000i,500n,10000p,200000b,50000s
<G:/MiTeX/fonts/type1/public/amsfonts/cm/cmbx12.pfb><G:/MiTeX/fonts/type1/publi
c/amsfonts/cm/cmex10.pfb><G:/MiTeX/fonts/type1/public/amsfonts/cm/cmmi12.pfb><G
:/MiTeX/fonts/type1/public/amsfonts/cm/cmmi6.pfb><G:/MiTeX/fonts/type1/public/a
msfonts/cm/cmmi8.pfb><G:/MiTeX/fonts/type1/public/amsfonts/cm/cmr12.pfb><G:/MiT
eX/fonts/type1/public/amsfonts/cm/cmr17.pfb><G:/MiTeX/fonts/type1/public/amsfon
ts/cm/cmr6.pfb><G:/MiTeX/fonts/type1/public/amsfonts/cm/cmr8.pfb><G:/MiTeX/font
s/type1/public/amsfonts/cm/cmsy10.pfb><G:/MiTeX/fonts/type1/public/amsfonts/cm/
cmsy8.pfb>
Output written on hw04.pdf (1 page, 102384 bytes).
PDF statistics:
 50 PDF objects out of 1000 (max. 8388607)
 0 named destinations out of 1000 (max. 500000)
 1 words of extra memory for PDF output out of 10000 (max. 10000000)

